<?xml version="1.0" encoding="UTF-8"?>
<!-- Generated by org.testng.reporters.JUnitXMLReporter -->
<testsuite ignored="34" hostname="Rockys-MacBook-Pro.local" failures="2" tests="11" name="Surefire test" time="8.311" errors="0" timestamp="2020-02-04T03:05:22 EST">
  <testcase classname="common.CommonAPI" name="@AfterMethod cleanUp" time="0.006">
    <failure type="org.openqa.selenium.NoSuchWindowException" message="no such window: target window already closed
from unknown error: web view not found
  (Session info: chrome=79.0.3945.130)
Build info: version: &amp;apos;3.141.59&amp;apos;, revision: &amp;apos;e82be7d358&amp;apos;, time: &amp;apos;2018-11-14T08:17:03&amp;apos;
System info: host: &amp;apos;Rockys-MacBook-Pro.local&amp;apos;, ip: &amp;apos;fe80:0:0:0:10cf:45cb:c082:33%en0&amp;apos;, os.name: &amp;apos;Mac OS X&amp;apos;, os.arch: &amp;apos;x86_64&amp;apos;, os.version: &amp;apos;10.14.6&amp;apos;, java.version: &amp;apos;12.0.2&amp;apos;
Driver info: org.openqa.selenium.chrome.ChromeDriver
Capabilities {acceptInsecureCerts: false, browserName: chrome, browserVersion: 79.0.3945.130, chrome: {chromedriverVersion: 79.0.3945.36 (3582db32b3389..., userDataDir: /var/folders/gk/_th88_pj6ld...}, goog:chromeOptions: {debuggerAddress: localhost:54243}, javascriptEnabled: true, networkConnectionEnabled: false, pageLoadStrategy: normal, platform: MAC, platformName: MAC, proxy: Proxy(), setWindowRect: true, strictFileInteractability: false, timeouts: {implicit: 0, pageLoad: 300000, script: 30000}, unhandledPromptBehavior: dismiss and notify}
Session ID: 1db00324b8c7a189ae29870c53e3b810">
      <![CDATA[org.openqa.selenium.NoSuchWindowException: no such window: target window already closed
from unknown error: web view not found
  (Session info: chrome=79.0.3945.130)
Build info: version: '3.141.59', revision: 'e82be7d358', time: '2018-11-14T08:17:03'
System info: host: 'Rockys-MacBook-Pro.local', ip: 'fe80:0:0:0:10cf:45cb:c082:33%en0', os.name: 'Mac OS X', os.arch: 'x86_64', os.version: '10.14.6', java.version: '12.0.2'
Driver info: org.openqa.selenium.chrome.ChromeDriver
Capabilities {acceptInsecureCerts: false, browserName: chrome, browserVersion: 79.0.3945.130, chrome: {chromedriverVersion: 79.0.3945.36 (3582db32b3389..., userDataDir: /var/folders/gk/_th88_pj6ld...}, goog:chromeOptions: {debuggerAddress: localhost:54243}, javascriptEnabled: true, networkConnectionEnabled: false, pageLoadStrategy: normal, platform: MAC, platformName: MAC, proxy: Proxy(), setWindowRect: true, strictFileInteractability: false, timeouts: {implicit: 0, pageLoad: 300000, script: 30000}, unhandledPromptBehavior: dismiss and notify}
Session ID: 1db00324b8c7a189ae29870c53e3b810
at org.openqa.selenium.remote.http.W3CHttpResponseCodec.createException(W3CHttpResponseCodec.java:187)
at org.openqa.selenium.remote.http.W3CHttpResponseCodec.decode(W3CHttpResponseCodec.java:122)
at org.openqa.selenium.remote.http.W3CHttpResponseCodec.decode(W3CHttpResponseCodec.java:49)
at org.openqa.selenium.remote.HttpCommandExecutor.execute(HttpCommandExecutor.java:158)
at org.openqa.selenium.remote.service.DriverCommandExecutor.execute(DriverCommandExecutor.java:83)
at org.openqa.selenium.remote.RemoteWebDriver.execute(RemoteWebDriver.java:552)
at org.openqa.selenium.remote.RemoteWebDriver.execute(RemoteWebDriver.java:609)
at org.openqa.selenium.remote.RemoteWebDriver.close(RemoteWebDriver.java:442)
at common.CommonAPI.cleanUp(CommonAPI.java:115)
at java.base/java.util.ArrayList.forEach(ArrayList.java:1540)
... Removed 42 stack frames]]>
    </failure>
  </testcase> <!-- @AfterMethod cleanUp -->
  <testcase classname="common.CommonAPI" name="@BeforeMethod setUp" time="-1.580803518325E9">
    <skipped/>
  </testcase> <!-- @BeforeMethod setUp -->
  <testcase classname="common.CommonAPI" name="@AfterMethod cleanUp" time="-1.580803518326E9">
    <skipped/>
  </testcase> <!-- @AfterMethod cleanUp -->
  <testcase classname="common.CommonAPI" name="@BeforeMethod setUp" time="-1.580803518326E9">
    <skipped/>
  </testcase> <!-- @BeforeMethod setUp -->
  <testcase classname="common.CommonAPI" name="@AfterMethod cleanUp" time="-1.580803518327E9">
    <skipped/>
  </testcase> <!-- @AfterMethod cleanUp -->
  <testcase classname="common.CommonAPI" name="@BeforeMethod setUp" time="-1.580803518327E9">
    <skipped/>
  </testcase> <!-- @BeforeMethod setUp -->
  <testcase classname="common.CommonAPI" name="@AfterMethod cleanUp" time="-1.580803518328E9">
    <skipped/>
  </testcase> <!-- @AfterMethod cleanUp -->
  <testcase classname="common.CommonAPI" name="@BeforeMethod setUp" time="-1.580803518328E9">
    <skipped/>
  </testcase> <!-- @BeforeMethod setUp -->
  <testcase classname="common.CommonAPI" name="@AfterMethod cleanUp" time="-1.580803518329E9">
    <skipped/>
  </testcase> <!-- @AfterMethod cleanUp -->
  <testcase classname="common.CommonAPI" name="@BeforeMethod setUp" time="-1.580803518329E9">
    <skipped/>
  </testcase> <!-- @BeforeMethod setUp -->
  <testcase classname="common.CommonAPI" name="@AfterMethod cleanUp" time="-1.580803518329E9">
    <skipped/>
  </testcase> <!-- @AfterMethod cleanUp -->
  <testcase classname="common.CommonAPI" name="@BeforeMethod setUp" time="-1.58080351833E9">
    <skipped/>
  </testcase> <!-- @BeforeMethod setUp -->
  <testcase classname="common.CommonAPI" name="@AfterMethod cleanUp" time="-1.58080351833E9">
    <skipped/>
  </testcase> <!-- @AfterMethod cleanUp -->
  <testcase classname="common.CommonAPI" name="@BeforeMethod setUp" time="-1.58080351833E9">
    <skipped/>
  </testcase> <!-- @BeforeMethod setUp -->
  <testcase classname="common.CommonAPI" name="@AfterMethod cleanUp" time="-1.580803518331E9">
    <skipped/>
  </testcase> <!-- @AfterMethod cleanUp -->
  <testcase classname="common.CommonAPI" name="@BeforeMethod setUp" time="-1.580803518331E9">
    <skipped/>
  </testcase> <!-- @BeforeMethod setUp -->
  <testcase classname="common.CommonAPI" name="@AfterMethod cleanUp" time="-1.580803518332E9">
    <skipped/>
  </testcase> <!-- @AfterMethod cleanUp -->
  <testcase classname="common.CommonAPI" name="@BeforeMethod setUp" time="-1.580803518332E9">
    <skipped/>
  </testcase> <!-- @BeforeMethod setUp -->
  <testcase classname="common.CommonAPI" name="@AfterMethod cleanUp" time="-1.580803518333E9">
    <skipped/>
  </testcase> <!-- @AfterMethod cleanUp -->
  <testcase classname="common.CommonAPI" name="@AfterMethod cleanUp" time="0.028">
    <failure type="org.openqa.selenium.NoSuchWindowException" message="no such window: target window already closed
from unknown error: web view not found
  (Session info: chrome=79.0.3945.130)
Build info: version: &amp;apos;3.141.59&amp;apos;, revision: &amp;apos;e82be7d358&amp;apos;, time: &amp;apos;2018-11-14T08:17:03&amp;apos;
System info: host: &amp;apos;Rockys-MacBook-Pro.local&amp;apos;, ip: &amp;apos;fe80:0:0:0:10cf:45cb:c082:33%en0&amp;apos;, os.name: &amp;apos;Mac OS X&amp;apos;, os.arch: &amp;apos;x86_64&amp;apos;, os.version: &amp;apos;10.14.6&amp;apos;, java.version: &amp;apos;12.0.2&amp;apos;
Driver info: org.openqa.selenium.chrome.ChromeDriver
Capabilities {acceptInsecureCerts: false, browserName: chrome, browserVersion: 79.0.3945.130, chrome: {chromedriverVersion: 79.0.3945.36 (3582db32b3389..., userDataDir: /var/folders/gk/_th88_pj6ld...}, goog:chromeOptions: {debuggerAddress: localhost:54276}, javascriptEnabled: true, networkConnectionEnabled: false, pageLoadStrategy: normal, platform: MAC, platformName: MAC, proxy: Proxy(), setWindowRect: true, strictFileInteractability: false, timeouts: {implicit: 0, pageLoad: 300000, script: 30000}, unhandledPromptBehavior: dismiss and notify}
Session ID: 3af286597508ca43f7c764b5213c3f18">
      <![CDATA[org.openqa.selenium.NoSuchWindowException: no such window: target window already closed
from unknown error: web view not found
  (Session info: chrome=79.0.3945.130)
Build info: version: '3.141.59', revision: 'e82be7d358', time: '2018-11-14T08:17:03'
System info: host: 'Rockys-MacBook-Pro.local', ip: 'fe80:0:0:0:10cf:45cb:c082:33%en0', os.name: 'Mac OS X', os.arch: 'x86_64', os.version: '10.14.6', java.version: '12.0.2'
Driver info: org.openqa.selenium.chrome.ChromeDriver
Capabilities {acceptInsecureCerts: false, browserName: chrome, browserVersion: 79.0.3945.130, chrome: {chromedriverVersion: 79.0.3945.36 (3582db32b3389..., userDataDir: /var/folders/gk/_th88_pj6ld...}, goog:chromeOptions: {debuggerAddress: localhost:54276}, javascriptEnabled: true, networkConnectionEnabled: false, pageLoadStrategy: normal, platform: MAC, platformName: MAC, proxy: Proxy(), setWindowRect: true, strictFileInteractability: false, timeouts: {implicit: 0, pageLoad: 300000, script: 30000}, unhandledPromptBehavior: dismiss and notify}
Session ID: 3af286597508ca43f7c764b5213c3f18
at org.openqa.selenium.remote.http.W3CHttpResponseCodec.createException(W3CHttpResponseCodec.java:187)
at org.openqa.selenium.remote.http.W3CHttpResponseCodec.decode(W3CHttpResponseCodec.java:122)
at org.openqa.selenium.remote.http.W3CHttpResponseCodec.decode(W3CHttpResponseCodec.java:49)
at org.openqa.selenium.remote.HttpCommandExecutor.execute(HttpCommandExecutor.java:158)
at org.openqa.selenium.remote.service.DriverCommandExecutor.execute(DriverCommandExecutor.java:83)
at org.openqa.selenium.remote.RemoteWebDriver.execute(RemoteWebDriver.java:552)
at org.openqa.selenium.remote.RemoteWebDriver.execute(RemoteWebDriver.java:609)
at org.openqa.selenium.remote.RemoteWebDriver.close(RemoteWebDriver.java:442)
at common.CommonAPI.cleanUp(CommonAPI.java:115)
at java.base/java.util.ArrayList.forEach(ArrayList.java:1540)
... Removed 42 stack frames]]>
    </failure>
  </testcase> <!-- @AfterMethod cleanUp -->
  <testcase classname="test.TestClass" name="FansmemberPageTest40" time="0.176">
    <failure type="org.openqa.selenium.NoSuchWindowException" message="no such window: window was already closed
  (Session info: chrome=79.0.3945.130)
Build info: version: &amp;apos;3.141.59&amp;apos;, revision: &amp;apos;e82be7d358&amp;apos;, time: &amp;apos;2018-11-14T08:17:03&amp;apos;
System info: host: &amp;apos;Rockys-MacBook-Pro.local&amp;apos;, ip: &amp;apos;fe80:0:0:0:10cf:45cb:c082:33%en0&amp;apos;, os.name: &amp;apos;Mac OS X&amp;apos;, os.arch: &amp;apos;x86_64&amp;apos;, os.version: &amp;apos;10.14.6&amp;apos;, java.version: &amp;apos;12.0.2&amp;apos;
Driver info: org.openqa.selenium.chrome.ChromeDriver
Capabilities {acceptInsecureCerts: false, browserName: chrome, browserVersion: 79.0.3945.130, chrome: {chromedriverVersion: 79.0.3945.36 (3582db32b3389..., userDataDir: /var/folders/gk/_th88_pj6ld...}, goog:chromeOptions: {debuggerAddress: localhost:54243}, javascriptEnabled: true, networkConnectionEnabled: false, pageLoadStrategy: normal, platform: MAC, platformName: MAC, proxy: Proxy(), setWindowRect: true, strictFileInteractability: false, timeouts: {implicit: 0, pageLoad: 300000, script: 30000}, unhandledPromptBehavior: dismiss and notify}
Session ID: 1db00324b8c7a189ae29870c53e3b810
*** Element info: {Using=id, value=gh-ac}">
      <![CDATA[org.openqa.selenium.NoSuchWindowException: no such window: window was already closed
  (Session info: chrome=79.0.3945.130)
Build info: version: '3.141.59', revision: 'e82be7d358', time: '2018-11-14T08:17:03'
System info: host: 'Rockys-MacBook-Pro.local', ip: 'fe80:0:0:0:10cf:45cb:c082:33%en0', os.name: 'Mac OS X', os.arch: 'x86_64', os.version: '10.14.6', java.version: '12.0.2'
Driver info: org.openqa.selenium.chrome.ChromeDriver
Capabilities {acceptInsecureCerts: false, browserName: chrome, browserVersion: 79.0.3945.130, chrome: {chromedriverVersion: 79.0.3945.36 (3582db32b3389..., userDataDir: /var/folders/gk/_th88_pj6ld...}, goog:chromeOptions: {debuggerAddress: localhost:54243}, javascriptEnabled: true, networkConnectionEnabled: false, pageLoadStrategy: normal, platform: MAC, platformName: MAC, proxy: Proxy(), setWindowRect: true, strictFileInteractability: false, timeouts: {implicit: 0, pageLoad: 300000, script: 30000}, unhandledPromptBehavior: dismiss and notify}
Session ID: 1db00324b8c7a189ae29870c53e3b810
*** Element info: {Using=id, value=gh-ac}
at org.openqa.selenium.remote.http.W3CHttpResponseCodec.createException(W3CHttpResponseCodec.java:187)
at org.openqa.selenium.remote.http.W3CHttpResponseCodec.decode(W3CHttpResponseCodec.java:122)
at org.openqa.selenium.remote.http.W3CHttpResponseCodec.decode(W3CHttpResponseCodec.java:49)
at org.openqa.selenium.remote.HttpCommandExecutor.execute(HttpCommandExecutor.java:158)
at org.openqa.selenium.remote.service.DriverCommandExecutor.execute(DriverCommandExecutor.java:83)
at org.openqa.selenium.remote.RemoteWebDriver.execute(RemoteWebDriver.java:552)
at org.openqa.selenium.remote.RemoteWebDriver.findElement(RemoteWebDriver.java:323)
at org.openqa.selenium.remote.RemoteWebDriver.findElementById(RemoteWebDriver.java:372)
at org.openqa.selenium.By$ById.findElement(By.java:188)
at org.openqa.selenium.remote.RemoteWebDriver.findElement(RemoteWebDriver.java:315)
at dropdownsearch.SportingFanShop.sportingFanShop(SportingFanShop.java:17)
at test.TestClass.FansmemberPageTest40(TestClass.java:314)
at java.base/java.util.ArrayList.forEach(ArrayList.java:1540)
... Removed 37 stack frames]]>
    </failure>
  </testcase> <!-- FansmemberPageTest40 -->
  <testcase classname="test.TestClass" name="musicPageTest34" time="0.0">
    <skipped/>
  </testcase> <!-- musicPageTest34 -->
  <testcase classname="test.TestClass" name="petSuppliesPageTest36" time="0.0">
    <skipped/>
  </testcase> <!-- petSuppliesPageTest36 -->
  <testcase classname="test.TestClass" name="realEstatePageTest37" time="0.0">
    <skipped/>
  </testcase> <!-- realEstatePageTest37 -->
  <testcase classname="test.TestClass" name="specialtyServicePageTest38" time="0.0">
    <skipped/>
  </testcase> <!-- specialtyServicePageTest38 -->
  <testcase classname="test.TestClass" name="sportingGoodPageTest39" time="0.0">
    <skipped/>
  </testcase> <!-- sportingGoodPageTest39 -->
  <testcase classname="test.TestClass" name="stampSearchPageTest41" time="0.0">
    <skipped/>
  </testcase> <!-- stampSearchPageTest41 -->
  <testcase classname="test.TestClass" name="ticketExperienceTest42" time="0.0">
    <skipped/>
  </testcase> <!-- ticketExperienceTest42 -->
  <testcase classname="test.TestClass" name="toysPageTest43" time="0.0">
    <skipped/>
  </testcase> <!-- toysPageTest43 -->
  <testcase classname="test.TestClass" name="travelsPage44" time="0.0">
    <skipped/>
  </testcase> <!-- travelsPage44 -->
  <testcase classname="search.SearchTest" name="search" time="1.534">
    <failure type="org.openqa.selenium.NoSuchElementException" message="Cannot locate an element using css selector=#gh-ac
For documentation on this error, please visit: https://www.seleniumhq.org/exceptions/no_such_element.html
Build info: version: &amp;apos;3.141.59&amp;apos;, revision: &amp;apos;e82be7d358&amp;apos;, time: &amp;apos;2018-11-14T08:17:03&amp;apos;
System info: host: &amp;apos;Rockys-MacBook-Pro.local&amp;apos;, ip: &amp;apos;fe80:0:0:0:10cf:45cb:c082:33%en0&amp;apos;, os.name: &amp;apos;Mac OS X&amp;apos;, os.arch: &amp;apos;x86_64&amp;apos;, os.version: &amp;apos;10.14.6&amp;apos;, java.version: &amp;apos;12.0.2&amp;apos;
Driver info: driver.version: RemoteWebDriver">
      <![CDATA[org.openqa.selenium.NoSuchElementException: Cannot locate an element using css selector=#gh-ac
For documentation on this error, please visit: https://www.seleniumhq.org/exceptions/no_such_element.html
Build info: version: '3.141.59', revision: 'e82be7d358', time: '2018-11-14T08:17:03'
System info: host: 'Rockys-MacBook-Pro.local', ip: 'fe80:0:0:0:10cf:45cb:c082:33%en0', os.name: 'Mac OS X', os.arch: 'x86_64', os.version: '10.14.6', java.version: '12.0.2'
Driver info: driver.version: RemoteWebDriver
at org.openqa.selenium.remote.RemoteWebDriver.findElement(RemoteWebDriver.java:327)
at org.openqa.selenium.remote.RemoteWebDriver.findElementByCssSelector(RemoteWebDriver.java:420)
at org.openqa.selenium.By$ByCssSelector.findElement(By.java:431)
at org.openqa.selenium.remote.RemoteWebDriver.findElement(RemoteWebDriver.java:315)
at org.openqa.selenium.support.pagefactory.DefaultElementLocator.findElement(DefaultElementLocator.java:69)
at org.openqa.selenium.support.pagefactory.internal.LocatingElementHandler.invoke(LocatingElementHandler.java:38)
at com.sun.proxy.$Proxy11.sendKeys(Unknown Source)
at pages.SearchPage.searchFor(SearchPage.java:36)
at pages.SearchPage.searchItemsAndSubmitButton(SearchPage.java:50)
at search.SearchTest.search(SearchTest.java:16)
at java.base/java.util.ArrayList.forEach(ArrayList.java:1540)
... Removed 32 stack frames]]>
    </failure>
  </testcase> <!-- search -->
  <testcase classname="test.TestClass" name="CameraTest19" time="0.0">
    <ignored/>
  </testcase> <!-- CameraTest19 -->
  <testcase classname="test.TestClass" name="consumerElectronicsTest25" time="0.0">
    <ignored/>
  </testcase> <!-- consumerElectronicsTest25 -->
  <testcase classname="test.TestClass" name="coinPageTest22" time="0.0">
    <ignored/>
  </testcase> <!-- coinPageTest22 -->
  <testcase classname="test.TestClass" name="newTabTest34" time="0.0">
    <ignored/>
  </testcase> <!-- newTabTest34 -->
  <testcase classname="test.TestClass" name="findSignInBottonTest6" time="0.0">
    <ignored/>
  </testcase> <!-- findSignInBottonTest6 -->
  <testcase classname="test.TestClass" name="jewelryAndWatches33" time="0.0">
    <ignored/>
  </testcase> <!-- jewelryAndWatches33 -->
  <testcase classname="test.TestClass" name="musicInstrumentTest35" time="0.0">
    <ignored/>
  </testcase> <!-- musicInstrumentTest35 -->
  <testcase classname="test.TestClass" name="helpandContactCenterTest11" time="0.0">
    <ignored/>
  </testcase> <!-- helpandContactCenterTest11 -->
  <testcase classname="test.TestClass" name="moneyBackTest12" time="0.0">
    <ignored/>
  </testcase> <!-- moneyBackTest12 -->
  <testcase classname="test.TestClass" name="BooksTest17" time="0.0">
    <ignored/>
  </testcase> <!-- BooksTest17 -->
  <testcase classname="test.TestClass" name="businessAndIndustrialTest18" time="0.0">
    <ignored/>
  </testcase> <!-- businessAndIndustrialTest18 -->
  <testcase classname="test.TestClass" name="findallPartsTest4" time="0.0">
    <ignored/>
  </testcase> <!-- findallPartsTest4 -->
  <testcase classname="test.TestClass" name="TestAntiquesTest14" time="0.0">
    <ignored/>
  </testcase> <!-- TestAntiquesTest14 -->
  <testcase classname="test.TestClass" name="cellPageTest20" time="0.0">
    <ignored/>
  </testcase> <!-- cellPageTest20 -->
  <testcase classname="test.TestClass" name="motorSectonTest3" time="0.0">
    <ignored/>
  </testcase> <!-- motorSectonTest3 -->
  <testcase classname="test.TestClass" name="TestAntiquesTest13" time="0.0">
    <ignored/>
  </testcase> <!-- TestAntiquesTest13 -->
  <testcase classname="test.TestClass" name="giftCardTest30" time="0.0">
    <ignored/>
  </testcase> <!-- giftCardTest30 -->
  <testcase classname="test.TestClass" name="sellerItemSearchTest8" time="0.0">
    <ignored/>
  </testcase> <!-- sellerItemSearchTest8 -->
  <testcase classname="test.TestClass" name="BabyTest15" time="0.0">
    <ignored/>
  </testcase> <!-- BabyTest15 -->
  <testcase classname="test.TestClass" name="selectCarAndTruckPartsTest5" time="0.0">
    <ignored/>
  </testcase> <!-- selectCarAndTruckPartsTest5 -->
  <testcase classname="test.TestClass" name="healthBeautyTest31" time="0.0">
    <ignored/>
  </testcase> <!-- healthBeautyTest31 -->
  <testcase classname="test.TestClass" name="craftsPageTest26" time="0.0">
    <ignored/>
  </testcase> <!-- craftsPageTest26 -->
  <testcase classname="test.TestClass" name="clickDaliyDealTest1" time="0.0">
    <ignored/>
  </testcase> <!-- clickDaliyDealTest1 -->
  <testcase classname="test.TestClass" name="clothAndShoesTest21" time="0.0">
    <ignored/>
  </testcase> <!-- clothAndShoesTest21 -->
  <testcase classname="test.TestClass" name="ebayMotorTest29" time="0.0">
    <ignored/>
  </testcase> <!-- ebayMotorTest29 -->
  <testcase classname="test.TestClass" name="iphoneSearchTest2" time="0.0">
    <ignored/>
  </testcase> <!-- iphoneSearchTest2 -->
  <testcase classname="test.TestClass" name="computerTabletPageTest24" time="0.0">
    <ignored/>
  </testcase> <!-- computerTabletPageTest24 -->
  <testcase classname="test.TestClass" name="sellerPageTest7" time="0.0">
    <ignored/>
  </testcase> <!-- sellerPageTest7 -->
  <testcase classname="test.TestClass" name="homeGargenPageTest32" time="0.0">
    <ignored/>
  </testcase> <!-- homeGargenPageTest32 -->
  <testcase classname="test.TestClass" name="dollsPageTest27" time="0.0">
    <ignored/>
  </testcase> <!-- dollsPageTest27 -->
  <testcase classname="test.TestClass" name="brandoutletTest9" time="0.0">
    <ignored/>
  </testcase> <!-- brandoutletTest9 -->
  <testcase classname="test.TestClass" name="searchingmultplalitemsTest10" time="0.0">
    <ignored/>
  </testcase> <!-- searchingmultplalitemsTest10 -->
  <testcase classname="test.TestClass" name="moviePageTest28" time="0.0">
    <ignored/>
  </testcase> <!-- moviePageTest28 -->
  <testcase classname="test.TestClass" name="collectiblesTest23" time="0.0">
    <ignored/>
  </testcase> <!-- collectiblesTest23 -->
</testsuite> <!-- Surefire test -->
