<?xml version="1.0" encoding="UTF-8"?>
<!-- Generated by org.testng.reporters.JUnitReportReporter -->
<testsuite hostname="Rockys-MacBook-Pro.local" failures="0" tests="45" name="test.TestClass" time="4.480" errors="2" timestamp="2020-02-04T03:05:22 EST" skipped="43">
  <testcase classname="test.TestClass" name="sportingGoodPageTest39" time="4.298">
    <skipped/>
  </testcase> <!-- sportingGoodPageTest39 -->
  <testcase classname="test.TestClass" name="FansmemberPageTest40" time="0.176">
    <error message="no such window: window was already closed
  (Session info: chrome=79.0.3945.130)
Build info: version: &#039;3.141.59&#039;, revision: &#039;e82be7d358&#039;, time: &#039;2018-11-14T08:17:03&#039;
System info: host: &#039;Rockys-MacBook-Pro.local&#039;, ip: &#039;fe80:0:0:0:10cf:45cb:c082:33%en0&#039;, os.name: &#039;Mac OS X&#039;, os.arch: &#039;x86_64&#039;, os.version: &#039;10.14.6&#039;, java.version: &#039;12.0.2&#039;
Driver info: org.openqa.selenium.chrome.ChromeDriver
Capabilities {acceptInsecureCerts: false, browserName: chrome, browserVersion: 79.0.3945.130, chrome: {chromedriverVersion: 79.0.3945.36 (3582db32b3389..., userDataDir: /var/folders/gk/_th88_pj6ld...}, goog:chromeOptions: {debuggerAddress: localhost:54243}, javascriptEnabled: true, networkConnectionEnabled: false, pageLoadStrategy: normal, platform: MAC, platformName: MAC, proxy: Proxy(), setWindowRect: true, strictFileInteractability: false, timeouts: {implicit: 0, pageLoad: 300000, script: 30000}, unhandledPromptBehavior: dismiss and notify}
Session ID: 1db00324b8c7a189ae29870c53e3b810
*** Element info: {Using=id, value=gh-ac}" type="org.openqa.selenium.NoSuchWindowException">
      <![CDATA[org.openqa.selenium.NoSuchWindowException: no such window: window was already closed
  (Session info: chrome=79.0.3945.130)
Build info: version: '3.141.59', revision: 'e82be7d358', time: '2018-11-14T08:17:03'
System info: host: 'Rockys-MacBook-Pro.local', ip: 'fe80:0:0:0:10cf:45cb:c082:33%en0', os.name: 'Mac OS X', os.arch: 'x86_64', os.version: '10.14.6', java.version: '12.0.2'
Driver info: org.openqa.selenium.chrome.ChromeDriver
Capabilities {acceptInsecureCerts: false, browserName: chrome, browserVersion: 79.0.3945.130, chrome: {chromedriverVersion: 79.0.3945.36 (3582db32b3389..., userDataDir: /var/folders/gk/_th88_pj6ld...}, goog:chromeOptions: {debuggerAddress: localhost:54243}, javascriptEnabled: true, networkConnectionEnabled: false, pageLoadStrategy: normal, platform: MAC, platformName: MAC, proxy: Proxy(), setWindowRect: true, strictFileInteractability: false, timeouts: {implicit: 0, pageLoad: 300000, script: 30000}, unhandledPromptBehavior: dismiss and notify}
Session ID: 1db00324b8c7a189ae29870c53e3b810
*** Element info: {Using=id, value=gh-ac}
at java.base/jdk.internal.reflect.NativeConstructorAccessorImpl.newInstance0(Native Method)
at java.base/jdk.internal.reflect.NativeConstructorAccessorImpl.newInstance(NativeConstructorAccessorImpl.java:62)
at java.base/jdk.internal.reflect.DelegatingConstructorAccessorImpl.newInstance(DelegatingConstructorAccessorImpl.java:45)
at java.base/java.lang.reflect.Constructor.newInstanceWithCaller(Constructor.java:500)
at java.base/java.lang.reflect.Constructor.newInstance(Constructor.java:481)
at org.openqa.selenium.remote.http.W3CHttpResponseCodec.createException(W3CHttpResponseCodec.java:187)
at org.openqa.selenium.remote.http.W3CHttpResponseCodec.decode(W3CHttpResponseCodec.java:122)
at org.openqa.selenium.remote.http.W3CHttpResponseCodec.decode(W3CHttpResponseCodec.java:49)
at org.openqa.selenium.remote.HttpCommandExecutor.execute(HttpCommandExecutor.java:158)
at org.openqa.selenium.remote.service.DriverCommandExecutor.execute(DriverCommandExecutor.java:83)
at org.openqa.selenium.remote.RemoteWebDriver.execute(RemoteWebDriver.java:552)
at org.openqa.selenium.remote.RemoteWebDriver.findElement(RemoteWebDriver.java:323)
at org.openqa.selenium.remote.RemoteWebDriver.findElementById(RemoteWebDriver.java:372)
at org.openqa.selenium.By$ById.findElement(By.java:188)
at org.openqa.selenium.remote.RemoteWebDriver.findElement(RemoteWebDriver.java:315)
at dropdownsearch.SportingFanShop.sportingFanShop(SportingFanShop.java:17)
at test.TestClass.FansmemberPageTest40(TestClass.java:314)
at java.base/jdk.internal.reflect.NativeMethodAccessorImpl.invoke0(Native Method)
at java.base/jdk.internal.reflect.NativeMethodAccessorImpl.invoke(NativeMethodAccessorImpl.java:62)
at java.base/jdk.internal.reflect.DelegatingMethodAccessorImpl.invoke(DelegatingMethodAccessorImpl.java:43)
at java.base/java.lang.reflect.Method.invoke(Method.java:567)
at org.testng.internal.MethodInvocationHelper.invokeMethod(MethodInvocationHelper.java:133)
at org.testng.internal.TestInvoker.invokeMethod(TestInvoker.java:584)
at org.testng.internal.TestInvoker.invokeTestMethod(TestInvoker.java:172)
at org.testng.internal.MethodRunner.runInSequence(MethodRunner.java:46)
at org.testng.internal.TestInvoker$MethodInvocationAgent.invoke(TestInvoker.java:804)
at org.testng.internal.TestInvoker.invokeTestMethods(TestInvoker.java:145)
at org.testng.internal.TestMethodWorker.invokeTestMethods(TestMethodWorker.java:146)
at org.testng.internal.TestMethodWorker.run(TestMethodWorker.java:128)
at java.base/java.util.ArrayList.forEach(ArrayList.java:1540)
at org.testng.TestRunner.privateRun(TestRunner.java:770)
at org.testng.TestRunner.run(TestRunner.java:591)
at org.testng.SuiteRunner.runTest(SuiteRunner.java:402)
at org.testng.SuiteRunner.runSequentially(SuiteRunner.java:396)
at org.testng.SuiteRunner.privateRun(SuiteRunner.java:355)
at org.testng.SuiteRunner.run(SuiteRunner.java:304)
at org.testng.SuiteRunnerWorker.runSuite(SuiteRunnerWorker.java:53)
at org.testng.SuiteRunnerWorker.run(SuiteRunnerWorker.java:96)
at org.testng.TestNG.runSuitesSequentially(TestNG.java:1180)
at org.testng.TestNG.runSuitesLocally(TestNG.java:1102)
at org.testng.TestNG.runSuites(TestNG.java:1032)
at org.testng.TestNG.run(TestNG.java:1000)
at org.apache.maven.surefire.testng.TestNGExecutor.run(TestNGExecutor.java:135)
at org.apache.maven.surefire.testng.TestNGDirectoryTestSuite.executeMulti(TestNGDirectoryTestSuite.java:193)
at org.apache.maven.surefire.testng.TestNGDirectoryTestSuite.execute(TestNGDirectoryTestSuite.java:94)
at org.apache.maven.surefire.testng.TestNGProvider.invoke(TestNGProvider.java:146)
at org.apache.maven.surefire.booter.ForkedBooter.invokeProviderInSameClassLoader(ForkedBooter.java:384)
at org.apache.maven.surefire.booter.ForkedBooter.runSuitesInProcess(ForkedBooter.java:345)
at org.apache.maven.surefire.booter.ForkedBooter.execute(ForkedBooter.java:126)
at org.apache.maven.surefire.booter.ForkedBooter.main(ForkedBooter.java:418)
]]>
    </error>
  </testcase> <!-- FansmemberPageTest40 -->
  <testcase classname="test.TestClass" name="petSuppliesPageTest36" time="0.000">
    <skipped/>
  </testcase> <!-- petSuppliesPageTest36 -->
  <testcase classname="test.TestClass" name="cleanUp" time="0.006">
    <error message="no such window: target window already closed
from unknown error: web view not found
  (Session info: chrome=79.0.3945.130)
Build info: version: &#039;3.141.59&#039;, revision: &#039;e82be7d358&#039;, time: &#039;2018-11-14T08:17:03&#039;
System info: host: &#039;Rockys-MacBook-Pro.local&#039;, ip: &#039;fe80:0:0:0:10cf:45cb:c082:33%en0&#039;, os.name: &#039;Mac OS X&#039;, os.arch: &#039;x86_64&#039;, os.version: &#039;10.14.6&#039;, java.version: &#039;12.0.2&#039;
Driver info: org.openqa.selenium.chrome.ChromeDriver
Capabilities {acceptInsecureCerts: false, browserName: chrome, browserVersion: 79.0.3945.130, chrome: {chromedriverVersion: 79.0.3945.36 (3582db32b3389..., userDataDir: /var/folders/gk/_th88_pj6ld...}, goog:chromeOptions: {debuggerAddress: localhost:54243}, javascriptEnabled: true, networkConnectionEnabled: false, pageLoadStrategy: normal, platform: MAC, platformName: MAC, proxy: Proxy(), setWindowRect: true, strictFileInteractability: false, timeouts: {implicit: 0, pageLoad: 300000, script: 30000}, unhandledPromptBehavior: dismiss and notify}
Session ID: 1db00324b8c7a189ae29870c53e3b810" type="org.openqa.selenium.NoSuchWindowException">
      <![CDATA[org.openqa.selenium.NoSuchWindowException: no such window: target window already closed
from unknown error: web view not found
  (Session info: chrome=79.0.3945.130)
Build info: version: '3.141.59', revision: 'e82be7d358', time: '2018-11-14T08:17:03'
System info: host: 'Rockys-MacBook-Pro.local', ip: 'fe80:0:0:0:10cf:45cb:c082:33%en0', os.name: 'Mac OS X', os.arch: 'x86_64', os.version: '10.14.6', java.version: '12.0.2'
Driver info: org.openqa.selenium.chrome.ChromeDriver
Capabilities {acceptInsecureCerts: false, browserName: chrome, browserVersion: 79.0.3945.130, chrome: {chromedriverVersion: 79.0.3945.36 (3582db32b3389..., userDataDir: /var/folders/gk/_th88_pj6ld...}, goog:chromeOptions: {debuggerAddress: localhost:54243}, javascriptEnabled: true, networkConnectionEnabled: false, pageLoadStrategy: normal, platform: MAC, platformName: MAC, proxy: Proxy(), setWindowRect: true, strictFileInteractability: false, timeouts: {implicit: 0, pageLoad: 300000, script: 30000}, unhandledPromptBehavior: dismiss and notify}
Session ID: 1db00324b8c7a189ae29870c53e3b810
at java.base/jdk.internal.reflect.NativeConstructorAccessorImpl.newInstance0(Native Method)
at java.base/jdk.internal.reflect.NativeConstructorAccessorImpl.newInstance(NativeConstructorAccessorImpl.java:62)
at java.base/jdk.internal.reflect.DelegatingConstructorAccessorImpl.newInstance(DelegatingConstructorAccessorImpl.java:45)
at java.base/java.lang.reflect.Constructor.newInstanceWithCaller(Constructor.java:500)
at java.base/java.lang.reflect.Constructor.newInstance(Constructor.java:481)
at org.openqa.selenium.remote.http.W3CHttpResponseCodec.createException(W3CHttpResponseCodec.java:187)
at org.openqa.selenium.remote.http.W3CHttpResponseCodec.decode(W3CHttpResponseCodec.java:122)
at org.openqa.selenium.remote.http.W3CHttpResponseCodec.decode(W3CHttpResponseCodec.java:49)
at org.openqa.selenium.remote.HttpCommandExecutor.execute(HttpCommandExecutor.java:158)
at org.openqa.selenium.remote.service.DriverCommandExecutor.execute(DriverCommandExecutor.java:83)
at org.openqa.selenium.remote.RemoteWebDriver.execute(RemoteWebDriver.java:552)
at org.openqa.selenium.remote.RemoteWebDriver.execute(RemoteWebDriver.java:609)
at org.openqa.selenium.remote.RemoteWebDriver.close(RemoteWebDriver.java:442)
at common.CommonAPI.cleanUp(CommonAPI.java:115)
at java.base/jdk.internal.reflect.NativeMethodAccessorImpl.invoke0(Native Method)
at java.base/jdk.internal.reflect.NativeMethodAccessorImpl.invoke(NativeMethodAccessorImpl.java:62)
at java.base/jdk.internal.reflect.DelegatingMethodAccessorImpl.invoke(DelegatingMethodAccessorImpl.java:43)
at java.base/java.lang.reflect.Method.invoke(Method.java:567)
at org.testng.internal.MethodInvocationHelper.invokeMethod(MethodInvocationHelper.java:133)
at org.testng.internal.MethodInvocationHelper.invokeMethodConsideringTimeout(MethodInvocationHelper.java:62)
at org.testng.internal.ConfigInvoker.invokeConfigurationMethod(ConfigInvoker.java:340)
at org.testng.internal.ConfigInvoker.invokeConfigurations(ConfigInvoker.java:294)
at org.testng.internal.TestInvoker.runConfigMethods(TestInvoker.java:683)
at org.testng.internal.TestInvoker.runAfterGroupsConfigurations(TestInvoker.java:658)
at org.testng.internal.TestInvoker.invokeMethod(TestInvoker.java:642)
at org.testng.internal.TestInvoker.invokeTestMethod(TestInvoker.java:172)
at org.testng.internal.MethodRunner.runInSequence(MethodRunner.java:46)
at org.testng.internal.TestInvoker$MethodInvocationAgent.invoke(TestInvoker.java:804)
at org.testng.internal.TestInvoker.invokeTestMethods(TestInvoker.java:145)
at org.testng.internal.TestMethodWorker.invokeTestMethods(TestMethodWorker.java:146)
at org.testng.internal.TestMethodWorker.run(TestMethodWorker.java:128)
at java.base/java.util.ArrayList.forEach(ArrayList.java:1540)
at org.testng.TestRunner.privateRun(TestRunner.java:770)
at org.testng.TestRunner.run(TestRunner.java:591)
at org.testng.SuiteRunner.runTest(SuiteRunner.java:402)
at org.testng.SuiteRunner.runSequentially(SuiteRunner.java:396)
at org.testng.SuiteRunner.privateRun(SuiteRunner.java:355)
at org.testng.SuiteRunner.run(SuiteRunner.java:304)
at org.testng.SuiteRunnerWorker.runSuite(SuiteRunnerWorker.java:53)
at org.testng.SuiteRunnerWorker.run(SuiteRunnerWorker.java:96)
at org.testng.TestNG.runSuitesSequentially(TestNG.java:1180)
at org.testng.TestNG.runSuitesLocally(TestNG.java:1102)
at org.testng.TestNG.runSuites(TestNG.java:1032)
at org.testng.TestNG.run(TestNG.java:1000)
at org.apache.maven.surefire.testng.TestNGExecutor.run(TestNGExecutor.java:135)
at org.apache.maven.surefire.testng.TestNGDirectoryTestSuite.executeMulti(TestNGDirectoryTestSuite.java:193)
at org.apache.maven.surefire.testng.TestNGDirectoryTestSuite.execute(TestNGDirectoryTestSuite.java:94)
at org.apache.maven.surefire.testng.TestNGProvider.invoke(TestNGProvider.java:146)
at org.apache.maven.surefire.booter.ForkedBooter.invokeProviderInSameClassLoader(ForkedBooter.java:384)
at org.apache.maven.surefire.booter.ForkedBooter.runSuitesInProcess(ForkedBooter.java:345)
at org.apache.maven.surefire.booter.ForkedBooter.execute(ForkedBooter.java:126)
at org.apache.maven.surefire.booter.ForkedBooter.main(ForkedBooter.java:418)
]]>
    </error>
  </testcase> <!-- cleanUp -->
  <testcase classname="test.TestClass" name="musicPageTest34" time="0.000">
    <skipped/>
  </testcase> <!-- musicPageTest34 -->
  <testcase classname="test.TestClass" name="realEstatePageTest37" time="0.000">
    <skipped/>
  </testcase> <!-- realEstatePageTest37 -->
  <testcase classname="test.TestClass" name="toysPageTest43" time="0.000">
    <skipped/>
  </testcase> <!-- toysPageTest43 -->
  <testcase classname="test.TestClass" name="stampSearchPageTest41" time="0.000">
    <skipped/>
  </testcase> <!-- stampSearchPageTest41 -->
  <testcase classname="test.TestClass" name="ticketExperienceTest42" time="0.000">
    <skipped/>
  </testcase> <!-- ticketExperienceTest42 -->
  <testcase classname="test.TestClass" name="specialtyServicePageTest38" time="0.000">
    <skipped/>
  </testcase> <!-- specialtyServicePageTest38 -->
  <testcase classname="test.TestClass" name="travelsPage44" time="0.000">
    <skipped/>
  </testcase> <!-- travelsPage44 -->
  <testcase classname="test.TestClass" name="CameraTest19">
    <skipped/>
  </testcase> <!-- CameraTest19 -->
  <testcase classname="test.TestClass" name="consumerElectronicsTest25">
    <skipped/>
  </testcase> <!-- consumerElectronicsTest25 -->
  <testcase classname="test.TestClass" name="coinPageTest22">
    <skipped/>
  </testcase> <!-- coinPageTest22 -->
  <testcase classname="test.TestClass" name="newTabTest34">
    <skipped/>
  </testcase> <!-- newTabTest34 -->
  <testcase classname="test.TestClass" name="findSignInBottonTest6">
    <skipped/>
  </testcase> <!-- findSignInBottonTest6 -->
  <testcase classname="test.TestClass" name="jewelryAndWatches33">
    <skipped/>
  </testcase> <!-- jewelryAndWatches33 -->
  <testcase classname="test.TestClass" name="musicInstrumentTest35">
    <skipped/>
  </testcase> <!-- musicInstrumentTest35 -->
  <testcase classname="test.TestClass" name="helpandContactCenterTest11">
    <skipped/>
  </testcase> <!-- helpandContactCenterTest11 -->
  <testcase classname="test.TestClass" name="moneyBackTest12">
    <skipped/>
  </testcase> <!-- moneyBackTest12 -->
  <testcase classname="test.TestClass" name="BooksTest17">
    <skipped/>
  </testcase> <!-- BooksTest17 -->
  <testcase classname="test.TestClass" name="businessAndIndustrialTest18">
    <skipped/>
  </testcase> <!-- businessAndIndustrialTest18 -->
  <testcase classname="test.TestClass" name="findallPartsTest4">
    <skipped/>
  </testcase> <!-- findallPartsTest4 -->
  <testcase classname="test.TestClass" name="TestAntiquesTest14">
    <skipped/>
  </testcase> <!-- TestAntiquesTest14 -->
  <testcase classname="test.TestClass" name="cellPageTest20">
    <skipped/>
  </testcase> <!-- cellPageTest20 -->
  <testcase classname="test.TestClass" name="motorSectonTest3">
    <skipped/>
  </testcase> <!-- motorSectonTest3 -->
  <testcase classname="test.TestClass" name="TestAntiquesTest13">
    <skipped/>
  </testcase> <!-- TestAntiquesTest13 -->
  <testcase classname="test.TestClass" name="giftCardTest30">
    <skipped/>
  </testcase> <!-- giftCardTest30 -->
  <testcase classname="test.TestClass" name="sellerItemSearchTest8">
    <skipped/>
  </testcase> <!-- sellerItemSearchTest8 -->
  <testcase classname="test.TestClass" name="BabyTest15">
    <skipped/>
  </testcase> <!-- BabyTest15 -->
  <testcase classname="test.TestClass" name="selectCarAndTruckPartsTest5">
    <skipped/>
  </testcase> <!-- selectCarAndTruckPartsTest5 -->
  <testcase classname="test.TestClass" name="healthBeautyTest31">
    <skipped/>
  </testcase> <!-- healthBeautyTest31 -->
  <testcase classname="test.TestClass" name="craftsPageTest26">
    <skipped/>
  </testcase> <!-- craftsPageTest26 -->
  <testcase classname="test.TestClass" name="clickDaliyDealTest1">
    <skipped/>
  </testcase> <!-- clickDaliyDealTest1 -->
  <testcase classname="test.TestClass" name="clothAndShoesTest21">
    <skipped/>
  </testcase> <!-- clothAndShoesTest21 -->
  <testcase classname="test.TestClass" name="ebayMotorTest29">
    <skipped/>
  </testcase> <!-- ebayMotorTest29 -->
  <testcase classname="test.TestClass" name="iphoneSearchTest2">
    <skipped/>
  </testcase> <!-- iphoneSearchTest2 -->
  <testcase classname="test.TestClass" name="computerTabletPageTest24">
    <skipped/>
  </testcase> <!-- computerTabletPageTest24 -->
  <testcase classname="test.TestClass" name="sellerPageTest7">
    <skipped/>
  </testcase> <!-- sellerPageTest7 -->
  <testcase classname="test.TestClass" name="homeGargenPageTest32">
    <skipped/>
  </testcase> <!-- homeGargenPageTest32 -->
  <testcase classname="test.TestClass" name="dollsPageTest27">
    <skipped/>
  </testcase> <!-- dollsPageTest27 -->
  <testcase classname="test.TestClass" name="brandoutletTest9">
    <skipped/>
  </testcase> <!-- brandoutletTest9 -->
  <testcase classname="test.TestClass" name="searchingmultplalitemsTest10">
    <skipped/>
  </testcase> <!-- searchingmultplalitemsTest10 -->
  <testcase classname="test.TestClass" name="moviePageTest28">
    <skipped/>
  </testcase> <!-- moviePageTest28 -->
  <testcase classname="test.TestClass" name="collectiblesTest23">
    <skipped/>
  </testcase> <!-- collectiblesTest23 -->
</testsuite> <!-- test.TestClass -->
